TLC2 Version 2.19 of 08 August 2024 (rev: 5a47802)
Warning: Please run the Java VM which executes TLC with a throughput optimized garbage collector by passing the "-XX:+UseParallelGC" property.
(Use the -nowarning option to disable this warning.)
Running breadth-first search Model-Checking with fp 73 and seed 4065852480714274191 with 1 worker on 16 cores with 12288MB heap and 64MB offheap memory [pid: 35559] (Mac OS X 15.7.3 aarch64, Homebrew 17.0.18 x86_64, MSBDiskFPSet, DiskStateQueue).
Parsing file /Users/warre/Omega/p5-confirmation-tla/P5Confirmation.tla
Parsing file /private/var/folders/z7/csd85ck90yq924xjkp_0mp_00000gn/T/Integers.tla
Parsing file /private/var/folders/z7/csd85ck90yq924xjkp_0mp_00000gn/T/Naturals.tla
Semantic processing of module Naturals
Semantic processing of module Integers
Semantic processing of module P5Confirmation
Starting... (2026-06-30 07:57:24)
Computing initial states...
Finished computing initial states: 1 distinct state generated at 2026-06-30 07:57:24.
Error: Invariant NoConfirmedExec is violated.
Error: The behavior up to this point is:
State 1: <Initial predicate>
/\ executed = FALSE
/\ confirmed = FALSE

State 2: <Confirm line 32, col 5 to line 34, col 25 of module P5Confirmation>
/\ executed = FALSE
/\ confirmed = TRUE

State 3: <Execute line 39, col 5 to line 42, col 26 of module P5Confirmation>
/\ executed = TRUE
/\ confirmed = TRUE

3 states generated, 3 distinct states found, 0 states left on queue.
The depth of the complete state graph search is 3.
The average outdegree of the complete state graph is 1 (minimum is 1, the maximum 1 and the 95th percentile is 1).
Finished in 00s at (2026-06-30 07:57:24)
